<?xml version="1.0" encoding="UTF-8"?>
<!-- Generated by org.testng.reporters.JUnitXMLReporter -->
<testsuite ignored="0" hostname="Ljupcos-Air" failures="0" tests="11" name="Default test" time="36.874" errors="0" timestamp="2021-08-13T16:16:51 CEST">
  <testcase classname="ui.TestsPanam" name="StartLoginTest" time="1.486"/>
  <testcase classname="ui.TestsPanam" name="EmptyLoginTest" time="1.128"/>
  <testcase classname="ui.TestsPanam" name="WrongLoginTest" time="3.719"/>
  <testcase classname="ui.TestsPanam" name="SuccessfulLoginTest" time="5.111"/>
  <testcase classname="ui.TestsPanam" name="MyAccountTest" time="5.629"/>
  <testcase classname="ui.TestsPanam" name="LogoutTest" time="0.324"/>
  <testcase classname="ui.TestsPanam" name="StartForgotPasswordTest" time="0.652"/>
  <testcase classname="ui.TestsPanam" name="EmptyMailTest" time="0.177"/>
  <testcase classname="ui.TestsPanam" name="WrongFormatMailTest" time="0.203"/>
  <testcase classname="ui.TestsPanam" name="NotExistingMailTest" time="3.565"/>
  <testcase classname="ui.TestsPanam" name="CancelButtonTest" time="0.134"/>
</testsuite> <!-- Default test -->
