<?xml version="1.0" encoding="UTF-8"?>
<!-- Generated by org.testng.reporters.JUnitXMLReporter -->
<testsuite ignored="1" hostname="Ljupcos-MacBook-Air.local" failures="0" tests="20" name="Default test" time="33.85" errors="0" timestamp="2022-10-12T12:29:03 CEST">
  <testcase classname="ui.TestsHERFLIX" name="StartLoginTest" time="0.576"/>
  <testcase classname="ui.TestsHERFLIX" name="EmptyLoginTest" time="0.401"/>
  <testcase classname="ui.TestsHERFLIX" name="WrongLoginTest" time="3.583"/>
  <testcase classname="ui.TestsHERFLIX" name="SuccessfulLoginTest" time="1.657"/>
  <testcase classname="ui.TestsHERFLIX" name="MyAccountTest" time="3.229"/>
  <testcase classname="ui.TestsHERFLIX" name="LogoutTest" time="0.234"/>
  <testcase classname="ui.TestsHERFLIX" name="StartForgotPasswordTest" time="0.544"/>
  <testcase classname="ui.TestsHERFLIX" name="EmptyMailTest" time="0.245"/>
  <testcase classname="ui.TestsHERFLIX" name="WrongFormatMailTest" time="0.19"/>
  <testcase classname="ui.TestsHERFLIX" name="NotExistingMailTest" time="3.26"/>
  <testcase classname="ui.TestsHERFLIX" name="BackButtonTest" time="0.094"/>
  <testcase classname="ui.TestsHERFLIX" name="InitialSubscribeTest" time="0.109"/>
  <testcase classname="ui.TestsHERFLIX" name="CheckSubscribeFieldsTest" time="0.727"/>
  <testcase classname="ui.TestsHERFLIX" name="SubscribeEmptyFieldsTest" time="0.245"/>
  <testcase classname="ui.TestsHERFLIX" name="SubscribeBadFormatedMailTest" time="0.142"/>
  <testcase classname="ui.TestsHERFLIX" name="SubscribeShortPasswordTest" time="0.141"/>
  <testcase classname="ui.TestsHERFLIX" name="SubscribeNotMatchedPasswordTest" time="0.442"/>
  <testcase classname="ui.TestsHERFLIX" name="SubscribeEnterNameTest" time="0.114"/>
  <testcase classname="ui.TestsHERFLIX" name="SubscribeExistedUserTest" time="3.908"/>
  <testcase classname="ui.TestsHERFLIX" name="SubscribeCreateNewUserTest" time="1.85"/>
  <testcase classname="ui.TestsHERFLIX" name="SuccessfulFacebookLoginTest" time="0.0">
    <ignored/>
  </testcase> <!-- SuccessfulFacebookLoginTest -->
</testsuite> <!-- Default test -->
